app/build/intermediates/manifest_merge_blame_file/release/manifest-merger-blame-release-report.txt
1<?xml version="1.0" encoding="utf-8"?>
2<manifest xmlns:android="http://schemas.android.com/apk/res/android"
3    package="com.fgtit.finger" >
4
5    <uses-sdk
6        android:minSdkVersion="19"
6-->src\main\AndroidManifest.xml
7        android:targetSdkVersion="21" />
7-->src\main\AndroidManifest.xml
8
9    <uses-permission android:name="android.permission.ACCESS_NETWORK_STATE" />
9-->src\main\AndroidManifest.xml:7:5-79
9-->src\main\AndroidManifest.xml:7:22-76
10    <uses-permission android:name="android.permission.CHANGE_NETWORK_STATE" />
10-->src\main\AndroidManifest.xml:8:5-79
10-->src\main\AndroidManifest.xml:8:22-76
11    <uses-permission android:name="android.permission.WRITE_EXTERNAL_STORAGE" />
11-->src\main\AndroidManifest.xml:9:5-81
11-->src\main\AndroidManifest.xml:9:22-78
12    <uses-permission android:name="android.permission.READ_EXTERNAL_STORAGE" />
12-->src\main\AndroidManifest.xml:10:5-80
12-->src\main\AndroidManifest.xml:10:22-77
13    <uses-permission android:name="android.permission.WRITE_SETTINGS" />
13-->src\main\AndroidManifest.xml:11:5-73
13-->src\main\AndroidManifest.xml:11:22-70
14    <uses-permission android:name="android.permission.ACCESS_WIFI_STATE" />
14-->src\main\AndroidManifest.xml:12:5-76
14-->src\main\AndroidManifest.xml:12:22-73
15    <uses-permission android:name="android.permission.CHANGE_WIFI_MULTICAST_STATE" />
15-->src\main\AndroidManifest.xml:13:5-86
15-->src\main\AndroidManifest.xml:13:22-83
16    <uses-permission android:name="android.permission.CHANGE_WIFI_STATE" />
16-->src\main\AndroidManifest.xml:14:5-76
16-->src\main\AndroidManifest.xml:14:22-73
17    <uses-permission android:name="android.permission.WAKE_LOCK" />
17-->src\main\AndroidManifest.xml:15:5-68
17-->src\main\AndroidManifest.xml:15:22-65
18    <uses-permission android:name="android.permission.ACCESS_FINE_LOCATION" />
18-->src\main\AndroidManifest.xml:16:5-79
18-->src\main\AndroidManifest.xml:16:22-76
19    <uses-permission android:name="android.permission.ACCESS_COARSE_LOCATION" />
19-->src\main\AndroidManifest.xml:17:5-81
19-->src\main\AndroidManifest.xml:17:22-78
20    <uses-permission android:name="android.permission.CAMERA" />
20-->src\main\AndroidManifest.xml:18:5-65
20-->src\main\AndroidManifest.xml:18:22-62
21    <uses-permission android:name="android.permission.BLUETOOTH_ADMIN" />
21-->src\main\AndroidManifest.xml:19:5-74
21-->src\main\AndroidManifest.xml:19:22-71
22    <uses-permission android:name="android.permission.BLUETOOTH" />
22-->src\main\AndroidManifest.xml:20:5-68
22-->src\main\AndroidManifest.xml:20:22-65
23    <uses-permission android:name="android.permission.GET_ACCOUNTS" />
23-->src\main\AndroidManifest.xml:21:5-71
23-->src\main\AndroidManifest.xml:21:22-68
24    <uses-permission android:name="android.permission.USE_CREDENTIALS" />
24-->src\main\AndroidManifest.xml:22:5-74
24-->src\main\AndroidManifest.xml:22:22-71
25    <uses-permission android:name="android.permission.MANAGE_ACCOUNTS" />
25-->src\main\AndroidManifest.xml:23:5-74
25-->src\main\AndroidManifest.xml:23:22-71
26    <uses-permission android:name="android.permission.AUTHENTICATE_ACCOUNTS" />
26-->src\main\AndroidManifest.xml:24:5-80
26-->src\main\AndroidManifest.xml:24:22-77
27    <uses-permission android:name="android.permission.INTERNET" />
27-->src\main\AndroidManifest.xml:25:5-67
27-->src\main\AndroidManifest.xml:25:22-64
28    <uses-permission android:name="com.android.launcher.permission.READ_SETTINGS" />
28-->src\main\AndroidManifest.xml:27:5-85
28-->src\main\AndroidManifest.xml:27:22-82
29    <uses-permission android:name="android.permission.CHANGE_WIFI_STATE" />
29-->src\main\AndroidManifest.xml:14:5-76
29-->src\main\AndroidManifest.xml:14:22-73
30    <uses-permission android:name="android.permission.READ_PHONE_STATE" />
30-->src\main\AndroidManifest.xml:29:5-75
30-->src\main\AndroidManifest.xml:29:22-72
31    <uses-permission android:name="android.permission.BROADCAST_STICKY" />
31-->src\main\AndroidManifest.xml:30:5-75
31-->src\main\AndroidManifest.xml:30:22-72
32    <uses-permission android:name="android.permission.READ_PHONE_STATE" />
32-->src\main\AndroidManifest.xml:29:5-75
32-->src\main\AndroidManifest.xml:29:22-72
33    <uses-permission android:name="android.permission.CAMERA" />
33-->src\main\AndroidManifest.xml:18:5-65
33-->src\main\AndroidManifest.xml:18:22-62
34    <uses-permission android:name="android.permission.VIBRATE" />
34-->src\main\AndroidManifest.xml:33:5-66
34-->src\main\AndroidManifest.xml:33:22-63
35    <uses-permission android:name="android.permission.FLASHLIGHT" />
35-->src\main\AndroidManifest.xml:34:5-69
35-->src\main\AndroidManifest.xml:34:22-66
36    <uses-permission android:name="android.permission.NFC" />
36-->src\main\AndroidManifest.xml:35:5-62
36-->src\main\AndroidManifest.xml:35:22-59
37    <uses-permission android:name="android.permission.MOUNT_UNMOUNT_FILESYSTEMS" />
37-->src\main\AndroidManifest.xml:36:5-84
37-->src\main\AndroidManifest.xml:36:22-81
38    <uses-permission android:name="android.permission.SEND_SMS" />
38-->src\main\AndroidManifest.xml:37:5-67
38-->src\main\AndroidManifest.xml:37:22-64
39    <uses-permission android:name="android.permission.BAIDU_LOCATION_SERVICE" />
39-->src\main\AndroidManifest.xml:38:5-81
39-->src\main\AndroidManifest.xml:38:22-78
40
41    <uses-feature android:name="android.hardware.camera" />
41-->src\main\AndroidManifest.xml:40:5-60
41-->src\main\AndroidManifest.xml:40:19-57
42    <uses-feature android:name="android.hardware.camera.autofocus" />
42-->src\main\AndroidManifest.xml:41:5-70
42-->src\main\AndroidManifest.xml:41:19-67
43    <uses-feature
43-->src\main\AndroidManifest.xml:42:5-44:35
44        android:name="android.hardware.nfc"
44-->src\main\AndroidManifest.xml:43:9-44
45        android:required="true" />
45-->src\main\AndroidManifest.xml:44:9-32
46    <uses-feature
46-->[com.google.android.gms:play-services-maps:9.8.0] AndroidManifest.xml:21:5-77
47        android:glEsVersion="0x00020000"
47-->[com.google.android.gms:play-services-maps:9.8.0] AndroidManifest.xml:21:19-51
48        android:required="true" />
48-->[com.google.android.gms:play-services-maps:9.8.0] AndroidManifest.xml:21:52-75
49
50    <application
50-->src\main\AndroidManifest.xml:46:5-183:19
51        android:name="com.fgtit.app.AppClass"
51-->src\main\AndroidManifest.xml:50:9-46
52        android:allowBackup="true"
52-->src\main\AndroidManifest.xml:47:9-35
53        android:icon="@drawable/ic_launcher"
53-->src\main\AndroidManifest.xml:48:9-45
54        android:label="@string/app_name"
54-->src\main\AndroidManifest.xml:49:9-41
55        android:testOnly="true"
56        android:theme="@style/AppTheme" >
56-->src\main\AndroidManifest.xml:51:9-40
57        <meta-data
57-->src\main\AndroidManifest.xml:52:9-54:71
58            android:name="com.google.android.geo.API_KEY"
58-->src\main\AndroidManifest.xml:53:13-58
59            android:value="AIzaSyDs7qvrSZRtA9Ft21z_vPSeiY8-UOBddk4" />
59-->src\main\AndroidManifest.xml:54:13-68
60
61        <!-- 服务 -->
62        <service
62-->src\main\AndroidManifest.xml:57:9-61:19
63            android:name="com.baidu.location.f"
63-->src\main\AndroidManifest.xml:58:13-48
64            android:enabled="true"
64-->src\main\AndroidManifest.xml:59:13-35
65            android:process=":remote" >
65-->src\main\AndroidManifest.xml:60:13-38
66        </service>
67        <service
67-->src\main\AndroidManifest.xml:62:9-63:37
68            android:name="com.fgtit.service.PostMaster"
68-->src\main\AndroidManifest.xml:62:18-61
69            android:enabled="true" />
69-->src\main\AndroidManifest.xml:63:13-35
70
71        <!-- USB Specify the class to receive the broadcast -->
72        <receiver
72-->src\main\AndroidManifest.xml:67:9-77:20
73            android:name="com.fgtit.service.UsbBroadcastReceiver"
73-->src\main\AndroidManifest.xml:67:19-72
74            android:label="NetworkChangeReceiver" >
74-->src\main\AndroidManifest.xml:68:13-50
75            <intent-filter>
75-->src\main\AndroidManifest.xml:69:13-72:29
76                <action android:name="android.net.conn.CONNECTIVITY_CHANGE" />
76-->src\main\AndroidManifest.xml:70:17-79
76-->src\main\AndroidManifest.xml:70:25-76
77                <action android:name="android.net.wifi.WIFI_STATE_CHANGED" />
77-->src\main\AndroidManifest.xml:71:17-78
77-->src\main\AndroidManifest.xml:71:25-75
78            </intent-filter>
79            <intent-filter>
79-->src\main\AndroidManifest.xml:73:13-76:29
80                <action android:name="NotifyUsbStartNet" />
80-->src\main\AndroidManifest.xml:74:17-60
80-->src\main\AndroidManifest.xml:74:25-57
81                <action android:name="NotifyUsbStopNet" />
81-->src\main\AndroidManifest.xml:75:17-59
81-->src\main\AndroidManifest.xml:75:25-56
82            </intent-filter>
83        </receiver>
84
85        <!-- USB Virtual network specified service class -->
86        <service android:name="com.fgtit.service.ConnectService" >
86-->src\main\AndroidManifest.xml:80:9-81:19
86-->src\main\AndroidManifest.xml:80:18-65
87        </service>
88        <!-- 界面 -->
89        <activity
89-->src\main\AndroidManifest.xml:83:9-91:20
90            android:name="com.fgtit.finger.MainActivity"
90-->src\main\AndroidManifest.xml:84:13-57
91            android:label="@string/app_name" >
91-->src\main\AndroidManifest.xml:85:13-45
92            <intent-filter>
92-->src\main\AndroidManifest.xml:86:13-90:29
93                <action android:name="android.intent.action.MAIN" />
93-->src\main\AndroidManifest.xml:87:17-69
93-->src\main\AndroidManifest.xml:87:25-66
94
95                <category android:name="android.intent.category.LAUNCHER" />
95-->src\main\AndroidManifest.xml:89:17-77
95-->src\main\AndroidManifest.xml:89:27-74
96            </intent-filter>
97        </activity>
98        <activity
98-->src\main\AndroidManifest.xml:92:9-96:20
99            android:name="com.fgtit.finger.LoginActivity"
99-->src\main\AndroidManifest.xml:93:13-58
100            android:label="@string/title_activity_login"
100-->src\main\AndroidManifest.xml:94:13-57
101            android:screenOrientation="portrait" >
101-->src\main\AndroidManifest.xml:95:13-49
102        </activity>
103        <activity
103-->src\main\AndroidManifest.xml:97:9-101:20
104            android:name="com.fgtit.finger.MenuActivity"
104-->src\main\AndroidManifest.xml:98:13-57
105            android:label="@string/title_activity_menu"
105-->src\main\AndroidManifest.xml:99:13-56
106            android:screenOrientation="portrait" >
106-->src\main\AndroidManifest.xml:100:13-49
107        </activity>
108        <activity
108-->src\main\AndroidManifest.xml:102:9-106:20
109            android:name="com.fgtit.finger.SignOnActivity"
109-->src\main\AndroidManifest.xml:103:13-59
110            android:configChanges="keyboardHidden|screenSize|orientation"
110-->src\main\AndroidManifest.xml:105:13-74
111            android:label="@string/title_activity_sign_on" >
111-->src\main\AndroidManifest.xml:104:13-59
112        </activity>
113        <activity
113-->src\main\AndroidManifest.xml:107:9-112:20
114            android:name="com.fgtit.finger.SignOffActivity"
114-->src\main\AndroidManifest.xml:108:13-60
115            android:configChanges="keyboardHidden|screenSize|orientation"
115-->src\main\AndroidManifest.xml:110:13-74
116            android:label="@string/title_activity_sign_off"
116-->src\main\AndroidManifest.xml:109:13-60
117            android:screenOrientation="portrait" >
117-->src\main\AndroidManifest.xml:111:13-49
118        </activity>
119        <activity
119-->src\main\AndroidManifest.xml:113:9-118:20
120            android:name="com.fgtit.finger.RecordsActivity"
120-->src\main\AndroidManifest.xml:114:13-60
121            android:label="@string/title_activity_records"
121-->src\main\AndroidManifest.xml:115:13-59
122            android:screenOrientation="portrait"
122-->src\main\AndroidManifest.xml:116:13-49
123            android:windowSoftInputMode="stateUnchanged" >
123-->src\main\AndroidManifest.xml:117:13-57
124        </activity>
125        <activity
125-->src\main\AndroidManifest.xml:119:9-123:20
126            android:name="com.fgtit.finger.EmployeesActivity"
126-->src\main\AndroidManifest.xml:120:13-62
127            android:label="@string/title_activity_employees"
127-->src\main\AndroidManifest.xml:121:13-61
128            android:screenOrientation="portrait" >
128-->src\main\AndroidManifest.xml:122:13-49
129        </activity>
130        <activity
130-->src\main\AndroidManifest.xml:124:9-128:20
131            android:name="com.fgtit.finger.EmployeeActivity"
131-->src\main\AndroidManifest.xml:125:13-61
132            android:label="@string/title_activity_employee"
132-->src\main\AndroidManifest.xml:126:13-60
133            android:screenOrientation="portrait" >
133-->src\main\AndroidManifest.xml:127:13-49
134        </activity>
135        <activity
135-->src\main\AndroidManifest.xml:129:9-133:20
136            android:name="com.fgtit.finger.CameraExActivity"
136-->src\main\AndroidManifest.xml:130:13-61
137            android:label="@string/title_activity_capturephoto"
137-->src\main\AndroidManifest.xml:131:13-64
138            android:screenOrientation="portrait" >
138-->src\main\AndroidManifest.xml:132:13-49
139        </activity>
140        <activity
140-->src\main\AndroidManifest.xml:134:9-138:20
141            android:name="com.fgtit.finger.UtilitiesActivity"
141-->src\main\AndroidManifest.xml:135:13-62
142            android:label="@string/title_activity_utilities"
142-->src\main\AndroidManifest.xml:136:13-61
143            android:screenOrientation="portrait" >
143-->src\main\AndroidManifest.xml:137:13-49
144        </activity>
145        <activity
145-->src\main\AndroidManifest.xml:139:9-143:20
146            android:name="com.fgtit.finger.SystemActivity"
146-->src\main\AndroidManifest.xml:140:13-59
147            android:label="@string/title_activity_system"
147-->src\main\AndroidManifest.xml:141:13-58
148            android:screenOrientation="portrait" >
148-->src\main\AndroidManifest.xml:142:13-49
149        </activity>
150        <activity
150-->src\main\AndroidManifest.xml:144:9-148:20
151            android:name="com.fgtit.finger.SettingsActivity"
151-->src\main\AndroidManifest.xml:145:13-61
152            android:label="@string/title_activity_settings"
152-->src\main\AndroidManifest.xml:146:13-60
153            android:screenOrientation="portrait" >
153-->src\main\AndroidManifest.xml:147:13-49
154        </activity>
155        <activity
155-->src\main\AndroidManifest.xml:149:9-155:20
156            android:name="android.scanner.CaptureActivity"
156-->src\main\AndroidManifest.xml:150:13-59
157            android:configChanges="orientation|keyboardHidden"
157-->src\main\AndroidManifest.xml:151:13-63
158            android:screenOrientation="portrait"
158-->src\main\AndroidManifest.xml:152:13-49
159            android:theme="@android:style/Theme.NoTitleBar.Fullscreen"
159-->src\main\AndroidManifest.xml:153:13-71
160            android:windowSoftInputMode="stateAlwaysHidden" >
160-->src\main\AndroidManifest.xml:154:13-60
161        </activity>
162        <activity
162-->src\main\AndroidManifest.xml:156:9-161:20
163            android:name="com.fgtit.finger.DeviceListActivity"
163-->src\main\AndroidManifest.xml:157:13-63
164            android:configChanges="orientation|keyboardHidden"
164-->src\main\AndroidManifest.xml:158:13-63
165            android:label="@string/title_select_device"
165-->src\main\AndroidManifest.xml:159:13-56
166            android:screenOrientation="portrait" >
166-->src\main\AndroidManifest.xml:160:13-49
167        </activity>
168        <activity
168-->src\main\AndroidManifest.xml:162:9-167:20
169            android:name="com.fgtit.finger.EnrollActivity"
169-->src\main\AndroidManifest.xml:163:13-59
170            android:label="@string/title_activity_enroluser"
170-->src\main\AndroidManifest.xml:164:13-61
171            android:screenOrientation="portrait"
171-->src\main\AndroidManifest.xml:165:13-49
172            android:windowSoftInputMode="stateUnchanged" >
172-->src\main\AndroidManifest.xml:166:13-57
173        </activity>
174        <activity
174-->src\main\AndroidManifest.xml:168:9-172:20
175            android:name="com.fgtit.finger.CameraActivity"
175-->src\main\AndroidManifest.xml:169:13-59
176            android:label="@string/title_activity_capturephoto"
176-->src\main\AndroidManifest.xml:170:13-64
177            android:screenOrientation="portrait" >
177-->src\main\AndroidManifest.xml:171:13-49
178        </activity>
179        <activity
179-->src\main\AndroidManifest.xml:173:9-177:20
180            android:name="com.fgtit.finger.AdminActivity"
180-->src\main\AndroidManifest.xml:174:13-58
181            android:label="@string/title_activity_admin"
181-->src\main\AndroidManifest.xml:175:13-57
182            android:screenOrientation="portrait" >
182-->src\main\AndroidManifest.xml:176:13-49
183        </activity>
184        <activity
184-->src\main\AndroidManifest.xml:178:9-182:20
185            android:name="com.fgtit.finger.AboutActivity"
185-->src\main\AndroidManifest.xml:179:13-58
186            android:label="@string/title_activity_about"
186-->src\main\AndroidManifest.xml:181:13-57
187            android:screenOrientation="portrait" >
187-->src\main\AndroidManifest.xml:180:13-49
188        </activity>
189        <activity
189-->[com.google.android.gms:play-services-base:9.8.0] AndroidManifest.xml:19:9-172
190            android:name="com.google.android.gms.common.api.GoogleApiActivity"
190-->[com.google.android.gms:play-services-base:9.8.0] AndroidManifest.xml:19:19-85
191            android:exported="false"
191-->[com.google.android.gms:play-services-base:9.8.0] AndroidManifest.xml:19:146-170
192            android:theme="@android:style/Theme.Translucent.NoTitleBar" />
192-->[com.google.android.gms:play-services-base:9.8.0] AndroidManifest.xml:19:86-145
193
194        <meta-data
194-->[com.google.android.gms:play-services-basement:9.8.0] AndroidManifest.xml:20:9-121
195            android:name="com.google.android.gms.version"
195-->[com.google.android.gms:play-services-basement:9.8.0] AndroidManifest.xml:20:20-65
196            android:value="@integer/google_play_services_version" />
196-->[com.google.android.gms:play-services-basement:9.8.0] AndroidManifest.xml:20:66-119
197    </application>
198
199</manifest>